<?xml version="1.0" encoding="UTF-8"?>
<testng-results skipped="0" failed="0" total="1" passed="1">
  <reporter-output>
  </reporter-output>
  <suite name="Test Automation" duration-ms="51268" started-at="2021-12-01T11:14:56Z" finished-at="2021-12-01T11:15:48Z">
    <groups>
      <group name="rate-price">
        <method signature="Testcase.testcase1()[pri:0, instance:tests.Testcase@659e003e]" name="testcase1" class="tests.Testcase"/>
      </group> <!-- rate-price -->
      <group name="priority1">
        <method signature="Testcase.testcase1()[pri:0, instance:tests.Testcase@659e003e]" name="testcase1" class="tests.Testcase"/>
      </group> <!-- priority1 -->
    </groups>
    <test name="Smoke Test Automation Using Chrome" duration-ms="51268" started-at="2021-12-01T11:14:56Z" finished-at="2021-12-01T11:15:48Z">
      <class name="tests.Testcase">
        <test-method status="PASS" signature="clearScreenshots()[pri:0, instance:tests.Testcase@659e003e]" name="clearScreenshots" is-config="true" duration-ms="68" started-at="2021-12-01T16:44:56Z" finished-at="2021-12-01T16:44:56Z">
          <reporter-output>
          </reporter-output>
        </test-method> <!-- clearScreenshots -->
        <test-method status="PASS" signature="initializeBrowser(java.lang.String, java.lang.String, java.lang.String, java.lang.String, java.lang.reflect.Method, org.testng.ITestContext)[pri:0, instance:tests.Testcase@659e003e]" name="initializeBrowser" is-config="true" duration-ms="48500" started-at="2021-12-01T16:44:56Z" finished-at="2021-12-01T16:45:45Z">
          <params>
            <param index="0">
              <value>
                <![CDATA[Google Chrome]]>
              </value>
            </param>
            <param index="1">
              <value>
                <![CDATA[https://www.google.com]]>
              </value>
            </param>
            <param index="2">
              <value>
                <![CDATA[Excel.xlsx]]>
              </value>
            </param>
            <param index="3">
              <value>
                <![CDATA[Datasheet]]>
              </value>
            </param>
            <param index="4">
              <value>
                <![CDATA[public void tests.Testcase.testcase1()]]>
              </value>
            </param>
            <param index="5">
              <value>
                <![CDATA[org.testng.TestRunner@208b8425]]>
              </value>
            </param>
          </params>
          <reporter-output>
          </reporter-output>
        </test-method> <!-- initializeBrowser -->
        <test-method status="PASS" signature="testcase1()[pri:0, instance:tests.Testcase@659e003e]" name="testcase1" duration-ms="625" started-at="2021-12-01T16:45:45Z" description="Testcases 1" finished-at="2021-12-01T16:45:46Z">
          <reporter-output>
          </reporter-output>
        </test-method> <!-- testcase1 -->
        <test-method status="PASS" signature="cleanUp(org.testng.ITestResult, java.lang.reflect.Method)[pri:0, instance:tests.Testcase@659e003e]" name="cleanUp" is-config="true" duration-ms="2106" started-at="2021-12-01T16:45:46Z" finished-at="2021-12-01T16:45:48Z">
          <params>
            <param index="0">
              <value>
                <![CDATA[[TestResult name=testcase1 status=SUCCESS method=Testcase.testcase1()[pri:0, instance:tests.Testcase@659e003e] output={null}]]]>
              </value>
            </param>
            <param index="1">
              <value>
                <![CDATA[public void tests.Testcase.testcase1()]]>
              </value>
            </param>
          </params>
          <reporter-output>
          </reporter-output>
        </test-method> <!-- cleanUp -->
        <test-method status="PASS" signature="testsTearDown()[pri:0, instance:tests.Testcase@659e003e]" name="testsTearDown" is-config="true" duration-ms="10" started-at="2021-12-01T16:45:48Z" finished-at="2021-12-01T16:45:48Z">
          <reporter-output>
          </reporter-output>
        </test-method> <!-- testsTearDown -->
      </class> <!-- tests.Testcase -->
    </test> <!-- Smoke Test Automation Using Chrome -->
  </suite> <!-- Test Automation -->
</testng-results>
